BelieveApp/webViewMarker/build/intermediates/manifest_merge_blame_file/debug/manifest-merger-blame-debug-report.txt
1<?xml version="1.0" encoding="utf-8"?>
2<manifest xmlns:android="http://schemas.android.com/apk/res/android"
3    package="com.bossturban.webviewmarker"
4    android:versionCode="1"
5    android:versionName="1.0" >
6
7    <uses-sdk
7-->src/main/AndroidManifest.xml:3:3-70
8        android:minSdkVersion="14"
8-->src/main/AndroidManifest.xml:3:13-38
9        android:targetSdkVersion="27" />
9-->src/main/AndroidManifest.xml:3:39-68
10
11</manifest>